  Drawing.cpp
C:\Users\prodm\Desktop\vcpkg-master\installed\x86-windows\include\imgui.h(26,1): warning C4005: 'IMGUI_VERSION': macro redefinition
  (compiling source file 'Drawing.cpp')
  C:\Users\prodm\Desktop\ImGui-Standalone-main\Source\ImGui Standalone\ImGui\imgui.h(67,1):
  see previous definition of 'IMGUI_VERSION'
  
C:\Users\prodm\Desktop\vcpkg-master\installed\x86-windows\include\imgui.h(27,1): warning C4005: 'IMGUI_VERSION_NUM': macro redefinition
  (compiling source file 'Drawing.cpp')
  C:\Users\prodm\Desktop\ImGui-Standalone-main\Source\ImGui Standalone\ImGui\imgui.h(68,1):
  see previous definition of 'IMGUI_VERSION_NUM'
  
C:\Users\prodm\Desktop\vcpkg-master\installed\x86-windows\include\imgui.h(172,6): error C2371: 'ImGuiKey': redefinition; different basic types
  (compiling source file 'Drawing.cpp')
  C:\Users\prodm\Desktop\ImGui-Standalone-main\Source\ImGui Standalone\ImGui\imgui.h(178,13):
  see declaration of 'ImGuiKey'
  
C:\Users\prodm\Desktop\vcpkg-master\installed\x86-windows\include\imgui.h(259,1): error C2011: 'ImVec2': 'struct' type redefinition
  (compiling source file 'Drawing.cpp')
  C:\Users\prodm\Desktop\ImGui-Standalone-main\Source\ImGui Standalone\ImGui\imgui.h(255,8):
  see declaration of 'ImVec2'
  
C:\Users\prodm\Desktop\vcpkg-master\installed\x86-windows\include\imgui.h(272,1): error C2011: 'ImVec4': 'struct' type redefinition
  (compiling source file 'Drawing.cpp')
  C:\Users\prodm\Desktop\ImGui-Standalone-main\Source\ImGui Standalone\ImGui\imgui.h(268,8):
  see declaration of 'ImVec4'
  
C:\Users\prodm\Desktop\vcpkg-master\installed\x86-windows\include\imgui.h(293,76): error C2572: 'ImGui::CreateContext': redefinition of default argument: parameter 1
  (compiling source file 'Drawing.cpp')
  C:\Users\prodm\Desktop\ImGui-Standalone-main\Source\ImGui Standalone\ImGui\imgui.h(290,29):
  see declaration of 'ImGui::CreateContext'
  
C:\Users\prodm\Desktop\vcpkg-master\installed\x86-windows\include\imgui.h(294,64): error C2572: 'ImGui::DestroyContext': redefinition of default argument: parameter 1
  (compiling source file 'Drawing.cpp')
  C:\Users\prodm\Desktop\ImGui-Standalone-main\Source\ImGui Standalone\ImGui\imgui.h(291,29):
  see declaration of 'ImGui::DestroyContext'
  
C:\Users\prodm\Desktop\vcpkg-master\installed\x86-windows\include\imgui.h(307,59): error C2572: 'ImGui::ShowDemoWindow': redefinition of default argument: parameter 1
  (compiling source file 'Drawing.cpp')
  C:\Users\prodm\Desktop\ImGui-Standalone-main\Source\ImGui Standalone\ImGui\imgui.h(304,29):
  see declaration of 'ImGui::ShowDemoWindow'
  
C:\Users\prodm\Desktop\vcpkg-master\installed\x86-windows\include\imgui.h(308,62): error C2572: 'ImGui::ShowMetricsWindow': redefinition of default argument: parameter 1
  (compiling source file 'Drawing.cpp')
  C:\Users\prodm\Desktop\ImGui-Standalone-main\Source\ImGui Standalone\ImGui\imgui.h(305,29):
  see declaration of 'ImGui::ShowMetricsWindow'
  
C:\Users\prodm\Desktop\vcpkg-master\installed\x86-windows\include\imgui.h(311,60): error C2572: 'ImGui::ShowAboutWindow': redefinition of default argument: parameter 1
  (compiling source file 'Drawing.cpp')
  C:\Users\prodm\Desktop\ImGui-Standalone-main\Source\ImGui Standalone\ImGui\imgui.h(307,29):
  see declaration of 'ImGui::ShowAboutWindow'
  
C:\Users\prodm\Desktop\vcpkg-master\installed\x86-windows\include\imgui.h(312,63): error C2572: 'ImGui::ShowStyleEditor': redefinition of default argument: parameter 1
  (compiling source file 'Drawing.cpp')
  C:\Users\prodm\Desktop\ImGui-Standalone-main\Source\ImGui Standalone\ImGui\imgui.h(308,29):
  see declaration of 'ImGui::ShowStyleEditor'
  
C:\Users\prodm\Desktop\vcpkg-master\installed\x86-windows\include\imgui.h(319,63): error C2572: 'ImGui::StyleColorsDark': redefinition of default argument: parameter 1
  (compiling source file 'Drawing.cpp')
  C:\Users\prodm\Desktop\ImGui-Standalone-main\Source\ImGui Standalone\ImGui\imgui.h(315,29):
  see declaration of 'ImGui::StyleColorsDark'
  
C:\Users\prodm\Desktop\vcpkg-master\installed\x86-windows\include\imgui.h(320,64): error C2572: 'ImGui::StyleColorsLight': redefinition of default argument: parameter 1
  (compiling source file 'Drawing.cpp')
  C:\Users\prodm\Desktop\ImGui-Standalone-main\Source\ImGui Standalone\ImGui\imgui.h(316,29):
  see declaration of 'ImGui::StyleColorsLight'
  
C:\Users\prodm\Desktop\vcpkg-master\installed\x86-windows\include\imgui.h(321,66): error C2572: 'ImGui::StyleColorsClassic': redefinition of default argument: parameter 1
  (compiling source file 'Drawing.cpp')
  C:\Users\prodm\Desktop\ImGui-Standalone-main\Source\ImGui Standalone\ImGui\imgui.h(317,29):
  see declaration of 'ImGui::StyleColorsClassic'
  
C:\Users\prodm\Desktop\vcpkg-master\installed\x86-windows\include\imgui.h(335,68): error C2572: 'ImGui::Begin': redefinition of default argument: parameter 1
  (compiling source file 'Drawing.cpp')
  C:\Users\prodm\Desktop\ImGui-Standalone-main\Source\ImGui Standalone\ImGui\imgui.h(331,29):
  see declaration of 'ImGui::Begin'
  
C:\Users\prodm\Desktop\vcpkg-master\installed\x86-windows\include\imgui.h(335,99): error C2572: 'ImGui::Begin': redefinition of default argument: parameter 2
  (compiling source file 'Drawing.cpp')
  C:\Users\prodm\Desktop\ImGui-Standalone-main\Source\ImGui Standalone\ImGui\imgui.h(331,29):
  see declaration of 'ImGui::Begin'
  
C:\Users\prodm\Desktop\vcpkg-master\installed\x86-windows\include\imgui.h(356,88): error C2027: use of undefined type 'ImVec2'
  (compiling source file 'Drawing.cpp')
  C:\Users\prodm\Desktop\ImGui-Standalone-main\Source\ImGui Standalone\ImGui\imgui.h(255,8):
  see declaration of 'ImVec2'
  
C:\Users\prodm\Desktop\vcpkg-master\installed\x86-windows\include\imgui.h(357,80): error C2027: use of undefined type 'ImVec2'
  (compiling source file 'Drawing.cpp')
  C:\Users\prodm\Desktop\ImGui-Standalone-main\Source\ImGui Standalone\ImGui\imgui.h(255,8):
  see declaration of 'ImVec2'
  
C:\Users\prodm\Desktop\vcpkg-master\installed\x86-windows\include\imgui.h(364,69): error C2572: 'ImGui::IsWindowFocused': redefinition of default argument: parameter 1
  (compiling source file 'Drawing.cpp')
  C:\Users\prodm\Desktop\ImGui-Standalone-main\Source\ImGui Standalone\ImGui\imgui.h(350,29):
  see declaration of 'ImGui::IsWindowFocused'
  
C:\Users\prodm\Desktop\vcpkg-master\installed\x86-windows\include\imgui.h(365,69): error C2572: 'ImGui::IsWindowHovered': redefinition of default argument: parameter 1
  (compiling source file 'Drawing.cpp')
  C:\Users\prodm\Desktop\ImGui-Standalone-main\Source\ImGui Standalone\ImGui\imgui.h(351,29):
  see declaration of 'ImGui::IsWindowHovered'
  
C:\Users\prodm\Desktop\vcpkg-master\installed\x86-windows\include\imgui.h(374,114): error C2027: use of undefined type 'ImVec2'
  (compiling source file 'Drawing.cpp')
  C:\Users\prodm\Desktop\ImGui-Standalone-main\Source\ImGui Standalone\ImGui\imgui.h(255,8):
  see declaration of 'ImVec2'
  
C:\Users\prodm\Desktop\vcpkg-master\installed\x86-windows\include\imgui.h(374,82): error C2572: 'ImGui::SetNextWindowPos': redefinition of default argument: parameter 1
  (compiling source file 'Drawing.cpp')
  C:\Users\prodm\Desktop\ImGui-Standalone-main\Source\ImGui Standalone\ImGui\imgui.h(362,29):
  see declaration of 'ImGui::SetNextWindowPos'
  
C:\Users\prodm\Desktop\vcpkg-master\installed\x86-windows\include\imgui.h(375,84): error C2572: 'ImGui::SetNextWindowSize': redefinition of default argument: parameter 1
  (compiling source file 'Drawing.cpp')
  C:\Users\prodm\Desktop\ImGui-Standalone-main\Source\ImGui Standalone\ImGui\imgui.h(363,29):
  see declaration of 'ImGui::SetNextWindowSize'
  
C:\Users\prodm\Desktop\vcpkg-master\installed\x86-windows\include\imgui.h(376,142): error C2572: 'ImGui::SetNextWindowSizeConstraints': redefinition of default argument: parameter 1
  (compiling source file 'Drawing.cpp')
  C:\Users\prodm\Desktop\ImGui-Standalone-main\Source\ImGui Standalone\ImGui\imgui.h(364,29):
  see declaration of 'ImGui::SetNextWindowSizeConstraints'
  
C:\Users\prodm\Desktop\vcpkg-master\installed\x86-windows\include\imgui.h(376,177): error C2572: 'ImGui::SetNextWindowSizeConstraints': redefinition of default argument: parameter 2
  (compiling source file 'Drawing.cpp')
  C:\Users\prodm\Desktop\ImGui-Standalone-main\Source\ImGui Standalone\ImGui\imgui.h(364,29):
  see declaration of 'ImGui::SetNextWindowSizeConstraints'
  
C:\Users\prodm\Desktop\vcpkg-master\installed\x86-windows\include\imgui.h(378,85): error C2572: 'ImGui::SetNextWindowCollapsed': redefinition of default argument: parameter 1
  (compiling source file 'Drawing.cpp')
  C:\Users\prodm\Desktop\ImGui-Standalone-main\Source\ImGui Standalone\ImGui\imgui.h(366,29):
  see declaration of 'ImGui::SetNextWindowCollapsed'
  
C:\Users\prodm\Desktop\vcpkg-master\installed\x86-windows\include\imgui.h(382,78): error C2572: 'ImGui::SetWindowPos': redefinition of default argument: parameter 1
  (compiling source file 'Drawing.cpp')
  C:\Users\prodm\Desktop\ImGui-Standalone-main\Source\ImGui Standalone\ImGui\imgui.h(370,29):
  see declaration of 'ImGui::SetWindowPos'
  
C:\Users\prodm\Desktop\vcpkg-master\installed\x86-windows\include\imgui.h(383,80): error C2572: 'ImGui::SetWindowSize': redefinition of default argument: parameter 1
  (compiling source file 'Drawing.cpp')
  C:\Users\prodm\Desktop\ImGui-Standalone-main\Source\ImGui Standalone\ImGui\imgui.h(371,29):
  see declaration of 'ImGui::SetWindowSize'
  
C:\Users\prodm\Desktop\vcpkg-master\installed\x86-windows\include\imgui.h(384,81): error C2572: 'ImGui::SetWindowCollapsed': redefinition of default argument: parameter 1
  (compiling source file 'Drawing.cpp')
  C:\Users\prodm\Desktop\ImGui-Standalone-main\Source\ImGui Standalone\ImGui\imgui.h(372,29):
  see declaration of 'ImGui::SetWindowCollapsed'
  
C:\Users\prodm\Desktop\vcpkg-master\installed\x86-windows\include\imgui.h(387,96): error C2572: 'ImGui::SetWindowPos': redefinition of default argument: parameter 1
  (compiling source file 'Drawing.cpp')
  C:\Users\prodm\Desktop\ImGui-Standalone-main\Source\ImGui Standalone\ImGui\imgui.h(375,29):
  see declaration of 'ImGui::SetWindowPos'
  
C:\Users\prodm\Desktop\vcpkg-master\installed\x86-windows\include\imgui.h(388,98): error C2572: 'ImGui::SetWindowSize': redefinition of default argument: parameter 1
  (compiling source file 'Drawing.cpp')
  C:\Users\prodm\Desktop\ImGui-Standalone-main\Source\ImGui Standalone\ImGui\imgui.h(376,29):
  see declaration of 'ImGui::SetWindowSize'
  
C:\Users\prodm\Desktop\vcpkg-master\installed\x86-windows\include\imgui.h(389,99): error C2572: 'ImGui::SetWindowCollapsed': redefinition of default argument: parameter 1
  (compiling source file 'Drawing.cpp')
  C:\Users\prodm\Desktop\ImGui-Standalone-main\Source\ImGui Standalone\ImGui\imgui.h(377,29):
  see declaration of 'ImGui::SetWindowCollapsed'
  
C:\Users\prodm\Desktop\vcpkg-master\installed\x86-windows\include\imgui.h(409,67): error C2572: 'ImGui::SetScrollHereX': redefinition of default argument: parameter 1
  (compiling source file 'Drawing.cpp')
  C:\Users\prodm\Desktop\ImGui-Standalone-main\Source\ImGui Standalone\ImGui\imgui.h(395,29):
  see declaration of 'ImGui::SetScrollHereX'
  
C:\Users\prodm\Desktop\vcpkg-master\installed\x86-windows\include\imgui.h(410,67): error C2572: 'ImGui::SetScrollHereY': redefinition of default argument: parameter 1
  (compiling source file 'Drawing.cpp')
  C:\Users\prodm\Desktop\ImGui-Standalone-main\Source\ImGui Standalone\ImGui\imgui.h(396,29):
  see declaration of 'ImGui::SetScrollHereY'
  
C:\Users\prodm\Desktop\vcpkg-master\installed\x86-windows\include\imgui.h(411,85): error C2572: 'ImGui::SetScrollFromPosX': redefinition of default argument: parameter 1
  (compiling source file 'Drawing.cpp')
  C:\Users\prodm\Desktop\ImGui-Standalone-main\Source\ImGui Standalone\ImGui\imgui.h(397,29):
  see declaration of 'ImGui::SetScrollFromPosX'
  
C:\Users\prodm\Desktop\vcpkg-master\installed\x86-windows\include\imgui.h(412,85): error C2572: 'ImGui::SetScrollFromPosY': redefinition of default argument: parameter 1
  (compiling source file 'Drawing.cpp')
  C:\Users\prodm\Desktop\ImGui-Standalone-main\Source\ImGui Standalone\ImGui\imgui.h(398,29):
  see declaration of 'ImGui::SetScrollFromPosY'
  
C:\Users\prodm\Desktop\vcpkg-master\installed\x86-windows\include\imgui.h(419,55): error C2572: 'ImGui::PopStyleColor': redefinition of default argument: parameter 1
  (compiling source file 'Drawing.cpp')
  C:\Users\prodm\Desktop\ImGui-Standalone-main\Source\ImGui Standalone\ImGui\imgui.h(405,29):
  see declaration of 'ImGui::PopStyleColor'
  
C:\Users\prodm\Desktop\vcpkg-master\installed\x86-windows\include\imgui.h(422,53): error C2572: 'ImGui::PopStyleVar': redefinition of default argument: parameter 1
  (compiling source file 'Drawing.cpp')
  C:\Users\prodm\Desktop\ImGui-Standalone-main\Source\ImGui Standalone\ImGui\imgui.h(408,29):
  see declaration of 'ImGui::PopStyleVar'
  
C:\Users\prodm\Desktop\vcpkg-master\installed\x86-windows\include\imgui.h(433,70): error C2572: 'ImGui::PushTextWrapPos': redefinition of default argument: parameter 1
  (compiling source file 'Drawing.cpp')
  C:\Users\prodm\Desktop\ImGui-Standalone-main\Source\ImGui Standalone\ImGui\imgui.h(419,29):
  see declaration of 'ImGui::PushTextWrapPos'
  
C:\Users\prodm\Desktop\vcpkg-master\installed\x86-windows\include\imgui.h(441,73): error C2572: 'ImGui::GetColorU32': redefinition of default argument: parameter 1
  (compiling source file 'Drawing.cpp')
  C:\Users\prodm\Desktop\ImGui-Standalone-main\Source\ImGui Standalone\ImGui\imgui.h(427,29):
  see declaration of 'ImGui::GetColorU32'
  
C:\Users\prodm\Desktop\vcpkg-master\installed\x86-windows\include\imgui.h(466,64): error C2572: 'ImGui::SameLine': redefinition of default argument: parameter 1
  (compiling source file 'Drawing.cpp')
  C:\Users\prodm\Desktop\ImGui-Standalone-main\Source\ImGui Standalone\ImGui\imgui.h(440,29):
  see declaration of 'ImGui::SameLine'
  
C:\Users\prodm\Desktop\vcpkg-master\installed\x86-windows\include\imgui.h(466,85): error C2572: 'ImGui::SameLine': redefinition of default argument: parameter 2
  (compiling source file 'Drawing.cpp')
  C:\Users\prodm\Desktop\ImGui-Standalone-main\Source\ImGui Standalone\ImGui\imgui.h(440,29):
  see declaration of 'ImGui::SameLine'
  
C:\Users\prodm\Desktop\vcpkg-master\installed\x86-windows\include\imgui.h(470,53): error C2572: 'ImGui::Indent': redefinition of default argument: parameter 1
  (compiling source file 'Drawing.cpp')
  C:\Users\prodm\Desktop\ImGui-Standalone-main\Source\ImGui Standalone\ImGui\imgui.h(444,29):
  see declaration of 'ImGui::Indent'
  
C:\Users\prodm\Desktop\vcpkg-master\installed\x86-windows\include\imgui.h(471,55): error C2572: 'ImGui::Unindent': redefinition of default argument: parameter 1
  (compiling source file 'Drawing.cpp')
  C:\Users\prodm\Desktop\ImGui-Standalone-main\Source\ImGui Standalone\ImGui\imgui.h(445,29):
  see declaration of 'ImGui::Unindent'
  
C:\Users\prodm\Desktop\vcpkg-master\installed\x86-windows\include\imgui.h(501,86): error C2572: 'ImGui::TextUnformatted': redefinition of default argument: parameter 1
  (compiling source file 'Drawing.cpp')
  C:\Users\prodm\Desktop\ImGui-Standalone-main\Source\ImGui Standalone\ImGui\imgui.h(484,29):
  see declaration of 'ImGui::TextUnformatted'
  
C:\Users\prodm\Desktop\vcpkg-master\installed\x86-windows\include\imgui.h(519,83): error C2027: use of undefined type 'ImVec2'
  (compiling source file 'Drawing.cpp')
  C:\Users\prodm\Desktop\ImGui-Standalone-main\Source\ImGui Standalone\ImGui\imgui.h(255,8):
  see declaration of 'ImVec2'
  
C:\Users\prodm\Desktop\vcpkg-master\installed\x86-windows\include\imgui.h(521,110): error C2572: 'ImGui::InvisibleButton': redefinition of default argument: parameter 1
  (compiling source file 'Drawing.cpp')
  C:\Users\prodm\Desktop\ImGui-Standalone-main\Source\ImGui Standalone\ImGui\imgui.h(503,29):
  see declaration of 'ImGui::InvisibleButton'
  
C:\Users\prodm\Desktop\vcpkg-master\installed\x86-windows\include\imgui.h(528,90): error C2027: use of undefined type 'ImVec2'
  (compiling source file 'Drawing.cpp')
  C:\Users\prodm\Desktop\ImGui-Standalone-main\Source\ImGui Standalone\ImGui\imgui.h(255,8):
  see declaration of 'ImVec2'
  
C:\Users\prodm\Desktop\vcpkg-master\installed\x86-windows\include\imgui.h(528,125): error C2572: 'ImGui::ProgressBar': redefinition of default argument: parameter 1
  (compiling source file 'Drawing.cpp')
  C:\Users\prodm\Desktop\ImGui-Standalone-main\Source\ImGui Standalone\ImGui\imgui.h(512,29):
  see declaration of 'ImGui::ProgressBar'
  
C:\Users\prodm\Desktop\vcpkg-master\installed\x86-windows\include\imgui.h(534,111): error C2027: use of undefined type 'ImVec2'
  (compiling source file 'Drawing.cpp')
  C:\Users\prodm\Desktop\ImGui-Standalone-main\Source\ImGui Standalone\ImGui\imgui.h(255,8):
  see declaration of 'ImVec2'
  
C:\Users\prodm\Desktop\vcpkg-master\installed\x86-windows\include\imgui.h(534,145): error C2027: use of undefined type 'ImVec2'
  (compiling source file 'Drawing.cpp')
  C:\Users\prodm\Desktop\ImGui-Standalone-main\Source\ImGui Standalone\ImGui\imgui.h(255,8):
  see declaration of 'ImVec2'
  
C:\Users\prodm\Desktop\vcpkg-master\installed\x86-windows\include\imgui.h(534,184): error C2027: use of undefined type 'ImVec4'
  (compiling source file 'Drawing.cpp')
  C:\Users\prodm\Desktop\ImGui-Standalone-main\Source\ImGui Standalone\ImGui\imgui.h(268,8):
  see declaration of 'ImVec4'
  
C:\Users\prodm\Desktop\vcpkg-master\installed\x86-windows\include\imgui.h(534,231): error C2027: use of undefined type 'ImVec4'
  (compiling source file 'Drawing.cpp')
  C:\Users\prodm\Desktop\ImGui-Standalone-main\Source\ImGui Standalone\ImGui\imgui.h(268,8):
  see declaration of 'ImVec4'
  
C:\Users\prodm\Desktop\vcpkg-master\installed\x86-windows\include\imgui.h(535,143): error C2027: use of undefined type 'ImVec2'
  (compiling source file 'Drawing.cpp')
  C:\Users\prodm\Desktop\ImGui-Standalone-main\Source\ImGui Standalone\ImGui\imgui.h(255,8):
  see declaration of 'ImVec2'
  
C:\Users\prodm\Desktop\vcpkg-master\installed\x86-windows\include\imgui.h(535,177): error C2027: use of undefined type 'ImVec2'
  (compiling source file 'Drawing.cpp')
  C:\Users\prodm\Desktop\ImGui-Standalone-main\Source\ImGui Standalone\ImGui\imgui.h(255,8):
  see declaration of 'ImVec2'
  
C:\Users\prodm\Desktop\vcpkg-master\installed\x86-windows\include\imgui.h(535,214): error C2027: use of undefined type 'ImVec4'
  (compiling source file 'Drawing.cpp')
  C:\Users\prodm\Desktop\ImGui-Standalone-main\Source\ImGui Standalone\ImGui\imgui.h(268,8):
  see declaration of 'ImVec4'
  
C:\Users\prodm\Desktop\vcpkg-master\installed\x86-windows\include\imgui.h(535,259): error C2027: use of undefined type 'ImVec4'
  (compiling source file 'Drawing.cpp')
  C:\Users\prodm\Desktop\ImGui-Standalone-main\Source\ImGui Standalone\ImGui\imgui.h(268,8):
  see declaration of 'ImVec4'
  
C:\Users\prodm\Desktop\vcpkg-master\installed\x86-windows\include\imgui.h(540,110): error C2572: 'ImGui::BeginCombo': redefinition of default argument: parameter 1
  (compiling source file 'Drawing.cpp')
  C:\Users\prodm\Desktop\ImGui-Standalone-main\Source\ImGui Standalone\ImGui\imgui.h(518,29):
  see declaration of 'ImGui::BeginCombo'
  
C:\Users\prodm\Desktop\vcpkg-master\installed\x86-windows\include\imgui.h(542,150): error C2572: 'ImGui::Combo': redefinition of default argument: parameter 1
  (compiling source file 'Drawing.cpp')
  C:\Users\prodm\Desktop\ImGui-Standalone-main\Source\ImGui Standalone\ImGui\imgui.h(520,29):
  see declaration of 'ImGui::Combo'
  
C:\Users\prodm\Desktop\vcpkg-master\installed\x86-windows\include\imgui.h(543,144): error C2572: 'ImGui::Combo': redefinition of default argument: parameter 1
  (compiling source file 'Drawing.cpp')
  C:\Users\prodm\Desktop\ImGui-Standalone-main\Source\ImGui Standalone\ImGui\imgui.h(521,29):
  see declaration of 'ImGui::Combo'
  
C:\Users\prodm\Desktop\vcpkg-master\installed\x86-windows\include\imgui.h(558,84): error C2572: 'ImGui::DragFloat': redefinition of default argument: parameter 1
  (compiling source file 'Drawing.cpp')
  C:\Users\prodm\Desktop\ImGui-Standalone-main\Source\ImGui Standalone\ImGui\imgui.h(536,29):
  see declaration of 'ImGui::DragFloat'
  
C:\Users\prodm\Desktop\vcpkg-master\installed\x86-windows\include\imgui.h(558,104): error C2572: 'ImGui::DragFloat': redefinition of default argument: parameter 2
  (compiling source file 'Drawing.cpp')
  C:\Users\prodm\Desktop\ImGui-Standalone-main\Source\ImGui Standalone\ImGui\imgui.h(536,29):
  see declaration of 'ImGui::DragFloat'
  
C:\Users\prodm\Desktop\vcpkg-master\installed\x86-windows\include\imgui.h(558,124): error C2572: 'ImGui::DragFloat': redefinition of default argument: parameter 3
  (compiling source file 'Drawing.cpp')
  C:\Users\prodm\Desktop\ImGui-Standalone-main\Source\ImGui Standalone\ImGui\imgui.h(536,29):
  see declaration of 'ImGui::DragFloat'
  
C:\Users\prodm\Desktop\vcpkg-master\installed\x86-windows\include\imgui.h(558,151): error C2572: 'ImGui::DragFloat': redefinition of default argument: parameter 4
  (compiling source file 'Drawing.cpp')
  C:\Users\prodm\Desktop\ImGui-Standalone-main\Source\ImGui Standalone\ImGui\imgui.h(536,29):
  see declaration of 'ImGui::DragFloat'
  
C:\Users\prodm\Desktop\vcpkg-master\installed\x86-windows\include\imgui.h(558,184): error C2572: 'ImGui::DragFloat': redefinition of default argument: parameter 5
  (compiling source file 'Drawing.cpp')
  C:\Users\prodm\Desktop\ImGui-Standalone-main\Source\ImGui Standalone\ImGui\imgui.h(536,29):
  see declaration of 'ImGui::DragFloat'
  
C:\Users\prodm\Desktop\vcpkg-master\installed\x86-windows\include\imgui.h(559,87): error C2572: 'ImGui::DragFloat2': redefinition of default argument: parameter 1
  (compiling source file 'Drawing.cpp')
  C:\Users\prodm\Desktop\ImGui-Standalone-main\Source\ImGui Standalone\ImGui\imgui.h(537,29):
  see declaration of 'ImGui::DragFloat2'
  
C:\Users\prodm\Desktop\vcpkg-master\installed\x86-windows\include\imgui.h(559,107): error C2572: 'ImGui::DragFloat2': redefinition of default argument: parameter 2
  (compiling source file 'Drawing.cpp')
  C:\Users\prodm\Desktop\ImGui-Standalone-main\Source\ImGui Standalone\ImGui\imgui.h(537,29):
  see declaration of 'ImGui::DragFloat2'
  
C:\Users\prodm\Desktop\vcpkg-master\installed\x86-windows\include\imgui.h(559,127): error C2572: 'ImGui::DragFloat2': redefinition of default argument: parameter 3
  (compiling source file 'Drawing.cpp')
  C:\Users\prodm\Desktop\ImGui-Standalone-main\Source\ImGui Standalone\ImGui\imgui.h(537,29):
  see declaration of 'ImGui::DragFloat2'
  
C:\Users\prodm\Desktop\vcpkg-master\installed\x86-windows\include\imgui.h(559,154): error C2572: 'ImGui::DragFloat2': redefinition of default argument: parameter 4
  (compiling source file 'Drawing.cpp')
  C:\Users\prodm\Desktop\ImGui-Standalone-main\Source\ImGui Standalone\ImGui\imgui.h(537,29):
  see declaration of 'ImGui::DragFloat2'
  
C:\Users\prodm\Desktop\vcpkg-master\installed\x86-windows\include\imgui.h(559,187): error C2572: 'ImGui::DragFloat2': redefinition of default argument: parameter 5
  (compiling source file 'Drawing.cpp')
  C:\Users\prodm\Desktop\ImGui-Standalone-main\Source\ImGui Standalone\ImGui\imgui.h(537,29):
  see declaration of 'ImGui::DragFloat2'
  
C:\Users\prodm\Desktop\vcpkg-master\installed\x86-windows\include\imgui.h(560,87): error C2572: 'ImGui::DragFloat3': redefinition of default argument: parameter 1
  (compiling source file 'Drawing.cpp')
  C:\Users\prodm\Desktop\ImGui-Standalone-main\Source\ImGui Standalone\ImGui\imgui.h(538,29):
  see declaration of 'ImGui::DragFloat3'
  
C:\Users\prodm\Desktop\vcpkg-master\installed\x86-windows\include\imgui.h(560,107): error C2572: 'ImGui::DragFloat3': redefinition of default argument: parameter 2
  (compiling source file 'Drawing.cpp')
  C:\Users\prodm\Desktop\ImGui-Standalone-main\Source\ImGui Standalone\ImGui\imgui.h(538,29):
  see declaration of 'ImGui::DragFloat3'
  
C:\Users\prodm\Desktop\vcpkg-master\installed\x86-windows\include\imgui.h(560,127): error C2572: 'ImGui::DragFloat3': redefinition of default argument: parameter 3
  (compiling source file 'Drawing.cpp')
  C:\Users\prodm\Desktop\ImGui-Standalone-main\Source\ImGui Standalone\ImGui\imgui.h(538,29):
  see declaration of 'ImGui::DragFloat3'
  
C:\Users\prodm\Desktop\vcpkg-master\installed\x86-windows\include\imgui.h(560,154): error C2572: 'ImGui::DragFloat3': redefinition of default argument: parameter 4
  (compiling source file 'Drawing.cpp')
  C:\Users\prodm\Desktop\ImGui-Standalone-main\Source\ImGui Standalone\ImGui\imgui.h(538,29):
  see declaration of 'ImGui::DragFloat3'
  
C:\Users\prodm\Desktop\vcpkg-master\installed\x86-windows\include\imgui.h(560,187): error C2572: 'ImGui::DragFloat3': redefinition of default argument: parameter 5
  (compiling source file 'Drawing.cpp')
  C:\Users\prodm\Desktop\ImGui-Standalone-main\Source\ImGui Standalone\ImGui\imgui.h(538,29):
  see declaration of 'ImGui::DragFloat3'
  
C:\Users\prodm\Desktop\vcpkg-master\installed\x86-windows\include\imgui.h(561,87): error C2572: 'ImGui::DragFloat4': redefinition of default argument: parameter 1
  (compiling source file 'Drawing.cpp')
  C:\Users\prodm\Desktop\ImGui-Standalone-main\Source\ImGui Standalone\ImGui\imgui.h(539,29):
  see declaration of 'ImGui::DragFloat4'
  
C:\Users\prodm\Desktop\vcpkg-master\installed\x86-windows\include\imgui.h(561,107): error C2572: 'ImGui::DragFloat4': redefinition of default argument: parameter 2
  (compiling source file 'Drawing.cpp')
  C:\Users\prodm\Desktop\ImGui-Standalone-main\Source\ImGui Standalone\ImGui\imgui.h(539,29):
  see declaration of 'ImGui::DragFloat4'
  
C:\Users\prodm\Desktop\vcpkg-master\installed\x86-windows\include\imgui.h(561,127): error C2572: 'ImGui::DragFloat4': redefinition of default argument: parameter 3
  (compiling source file 'Drawing.cpp')
  C:\Users\prodm\Desktop\ImGui-Standalone-main\Source\ImGui Standalone\ImGui\imgui.h(539,29):
  see declaration of 'ImGui::DragFloat4'
  
C:\Users\prodm\Desktop\vcpkg-master\installed\x86-windows\include\imgui.h(561,154): error C2572: 'ImGui::DragFloat4': redefinition of default argument: parameter 4
  (compiling source file 'Drawing.cpp')
  C:\Users\prodm\Desktop\ImGui-Standalone-main\Source\ImGui Standalone\ImGui\imgui.h(539,29):
  see declaration of 'ImGui::DragFloat4'
  
C:\Users\prodm\Desktop\vcpkg-master\installed\x86-windows\include\imgui.h(561,187): error C2572: 'ImGui::DragFloat4': redefinition of default argument: parameter 5
  (compiling source file 'Drawing.cpp')
  C:\Users\prodm\Desktop\ImGui-Standalone-main\Source\ImGui Standalone\ImGui\imgui.h(539,29):
  see declaration of 'ImGui::DragFloat4'
  
C:\Users\prodm\Desktop\vcpkg-master\installed\x86-windows\include\imgui.h(562,124): error C2572: 'ImGui::DragFloatRange2': redefinition of default argument: parameter 1
  (compiling source file 'Drawing.cpp')
  C:\Users\prodm\Desktop\ImGui-Standalone-main\Source\ImGui Standalone\ImGui\imgui.h(540,29):
  see declaration of 'ImGui::DragFloatRange2'
  
C:\Users\prodm\Desktop\vcpkg-master\installed\x86-windows\include\imgui.h(562,144): error C2572: 'ImGui::DragFloatRange2': redefinition of default argument: parameter 2
  (compiling source file 'Drawing.cpp')
  C:\Users\prodm\Desktop\ImGui-Standalone-main\Source\ImGui Standalone\ImGui\imgui.h(540,29):
  see declaration of 'ImGui::DragFloatRange2'
  
C:\Users\prodm\Desktop\vcpkg-master\installed\x86-windows\include\imgui.h(562,164): error C2572: 'ImGui::DragFloatRange2': redefinition of default argument: parameter 3
  (compiling source file 'Drawing.cpp')
  C:\Users\prodm\Desktop\ImGui-Standalone-main\Source\ImGui Standalone\ImGui\imgui.h(540,29):
  see declaration of 'ImGui::DragFloatRange2'
  
C:\Users\prodm\Desktop\vcpkg-master\installed\x86-windows\include\imgui.h(562,191): error C2572: 'ImGui::DragFloatRange2': redefinition of default argument: parameter 4
  (compiling source file 'Drawing.cpp')
  C:\Users\prodm\Desktop\ImGui-Standalone-main\Source\ImGui Standalone\ImGui\imgui.h(540,29):
  see declaration of 'ImGui::DragFloatRange2'
  
C:\Users\prodm\Desktop\vcpkg-master\installed\x86-windows\include\imgui.h(562,224): error C2572: 'ImGui::DragFloatRange2': redefinition of default argument: parameter 5
  (compiling source file 'Drawing.cpp')
  C:\Users\prodm\Desktop\ImGui-Standalone-main\Source\ImGui Standalone\ImGui\imgui.h(540,29):
  see declaration of 'ImGui::DragFloatRange2'
  
C:\Users\prodm\Desktop\vcpkg-master\installed\x86-windows\include\imgui.h(562,255): error C2572: 'ImGui::DragFloatRange2': redefinition of default argument: parameter 6
  (compiling source file 'Drawing.cpp')
  C:\Users\prodm\Desktop\ImGui-Standalone-main\Source\ImGui Standalone\ImGui\imgui.h(540,29):
  see declaration of 'ImGui::DragFloatRange2'
  
C:\Users\prodm\Desktop\vcpkg-master\installed\x86-windows\include\imgui.h(563,80): error C2572: 'ImGui::DragInt': redefinition of default argument: parameter 1
  (compiling source file 'Drawing.cpp')
  C:\Users\prodm\Desktop\ImGui-Standalone-main\Source\ImGui Standalone\ImGui\imgui.h(541,29):
  see declaration of 'ImGui::DragInt'
  
C:\Users\prodm\Desktop\vcpkg-master\installed\x86-windows\include\imgui.h(563,98): error C2572: 'ImGui::DragInt': redefinition of default argument: parameter 2
  (compiling source file 'Drawing.cpp')
  C:\Users\prodm\Desktop\ImGui-Standalone-main\Source\ImGui Standalone\ImGui\imgui.h(541,29):
  see declaration of 'ImGui::DragInt'
  
C:\Users\prodm\Desktop\vcpkg-master\installed\x86-windows\include\imgui.h(563,113): error C2572: 'ImGui::DragInt': redefinition of default argument: parameter 3
  (compiling source file 'Drawing.cpp')
  C:\Users\prodm\Desktop\ImGui-Standalone-main\Source\ImGui Standalone\ImGui\imgui.h(541,29):
  see declaration of 'ImGui::DragInt'
  
C:\Users\prodm\Desktop\vcpkg-master\installed\x86-windows\include\imgui.h(563,137): error C2572: 'ImGui::DragInt': redefinition of default argument: parameter 4
  (compiling source file 'Drawing.cpp')
  C:\Users\prodm\Desktop\ImGui-Standalone-main\Source\ImGui Standalone\ImGui\imgui.h(541,29):
  see declaration of 'ImGui::DragInt'
  
C:\Users\prodm\Desktop\vcpkg-master\installed\x86-windows\include\imgui.h(563,168): error C2572: 'ImGui::DragInt': redefinition of default argument: parameter 5
  (compiling source file 'Drawing.cpp')
  C:\Users\prodm\Desktop\ImGui-Standalone-main\Source\ImGui Standalone\ImGui\imgui.h(541,29):
  see declaration of 'ImGui::DragInt'
  
C:\Users\prodm\Desktop\vcpkg-master\installed\x86-windows\include\imgui.h(564,83): error C2572: 'ImGui::DragInt2': redefinition of default argument: parameter 1
  (compiling source file 'Drawing.cpp')
  C:\Users\prodm\Desktop\ImGui-Standalone-main\Source\ImGui Standalone\ImGui\imgui.h(542,29):
  see declaration of 'ImGui::DragInt2'
  
C:\Users\prodm\Desktop\vcpkg-master\installed\x86-windows\include\imgui.h(564,101): error C2572: 'ImGui::DragInt2': redefinition of default argument: parameter 2
  (compiling source file 'Drawing.cpp')
  C:\Users\prodm\Desktop\ImGui-Standalone-main\Source\ImGui Standalone\ImGui\imgui.h(542,29):
  see declaration of 'ImGui::DragInt2'
  
C:\Users\prodm\Desktop\vcpkg-master\installed\x86-windows\include\imgui.h(564,116): error C2572: 'ImGui::DragInt2': redefinition of default argument: parameter 3
  (compiling source file 'Drawing.cpp')
  C:\Users\prodm\Desktop\ImGui-Standalone-main\Source\ImGui Standalone\ImGui\imgui.h(542,29):
  see declaration of 'ImGui::DragInt2'
  
C:\Users\prodm\Desktop\vcpkg-master\installed\x86-windows\include\imgui.h(564,140): error C2572: 'ImGui::DragInt2': redefinition of default argument: parameter 4
  (compiling source file 'Drawing.cpp')
  C:\Users\prodm\Desktop\ImGui-Standalone-main\Source\ImGui Standalone\ImGui\imgui.h(542,29):
  see declaration of 'ImGui::DragInt2'
  
C:\Users\prodm\Desktop\vcpkg-master\installed\x86-windows\include\imgui.h(564,171): error C2572: 'ImGui::DragInt2': redefinition of default argument: parameter 5
  (compiling source file 'Drawing.cpp')
  C:\Users\prodm\Desktop\ImGui-Standalone-main\Source\ImGui Standalone\ImGui\imgui.h(542,29):
  see declaration of 'ImGui::DragInt2'
  
C:\Users\prodm\Desktop\vcpkg-master\installed\x86-windows\include\imgui.h(565,83): error C2572: 'ImGui::DragInt3': redefinition of default argument: parameter 1
  (compiling source file 'Drawing.cpp')
  C:\Users\prodm\Desktop\ImGui-Standalone-main\Source\ImGui Standalone\ImGui\imgui.h(543,29):
  see declaration of 'ImGui::DragInt3'
  
C:\Users\prodm\Desktop\vcpkg-master\installed\x86-windows\include\imgui.h(565,101): error C2572: 'ImGui::DragInt3': redefinition of default argument: parameter 2
  (compiling source file 'Drawing.cpp')
  C:\Users\prodm\Desktop\ImGui-Standalone-main\Source\ImGui Standalone\ImGui\imgui.h(543,29):
  see declaration of 'ImGui::DragInt3'
  
C:\Users\prodm\Desktop\vcpkg-master\installed\x86-windows\include\imgui.h(565,116): error C2572: 'ImGui::DragInt3': redefinition of default argument: parameter 3
  (compiling source file 'Drawing.cpp')
  C:\Users\prodm\Desktop\ImGui-Standalone-main\Source\ImGui Standalone\ImGui\imgui.h(543,29):
  see declaration of 'ImGui::DragInt3'
  
C:\Users\prodm\Desktop\vcpkg-master\installed\x86-windows\include\imgui.h(565,140): error C2572: 'ImGui::DragInt3': redefinition of default argument: parameter 4
  (compiling source file 'Drawing.cpp')
  C:\Users\prodm\Desktop\ImGui-Standalone-main\Source\ImGui Standalone\ImGui\imgui.h(543,29):
  see declaration of 'ImGui::DragInt3'
  
C:\Users\prodm\Desktop\vcpkg-master\installed\x86-windows\include\imgui.h(565,171): error C2572: 'ImGui::DragInt3': redefinition of default argument: parameter 5
  (compiling source file 'Drawing.cpp')
  C:\Users\prodm\Desktop\ImGui-Standalone-main\Source\ImGui Standalone\ImGui\imgui.h(543,29):
  see declaration of 'ImGui::DragInt3'
  
C:\Users\prodm\Desktop\vcpkg-master\installed\x86-windows\include\imgui.h(566,83): error C2572: 'ImGui::DragInt4': redefinition of default argument: parameter 1
  (compiling source file 'Drawing.cpp')
  C:\Users\prodm\Desktop\ImGui-Standalone-main\Source\ImGui Standalone\ImGui\imgui.h(544,29):
  see declaration of 'ImGui::DragInt4'
  
C:\Users\prodm\Desktop\vcpkg-master\installed\x86-windows\include\imgui.h(566,101): error C2572: 'ImGui::DragInt4': redefinition of default argument: parameter 2
  (compiling source file 'Drawing.cpp')
  C:\Users\prodm\Desktop\ImGui-Standalone-main\Source\ImGui Standalone\ImGui\imgui.h(544,29):
  see declaration of 'ImGui::DragInt4'
  
C:\Users\prodm\Desktop\vcpkg-master\installed\x86-windows\include\imgui.h(566,101): error C1003: error count exceeds 100; stopping compilation
  (compiling source file 'Drawing.cpp')
  
  imgui.cpp
  imgui_demo.cpp
  imgui_draw.cpp
  imgui_impl_dx11.cpp
  imgui_impl_win32.cpp
  imgui_tables.cpp
  imgui_widgets.cpp
  main.cpp
  UI.cpp
C:\Users\prodm\Desktop\vcpkg-master\installed\x86-windows\include\imgui.h(26,1): warning C4005: 'IMGUI_VERSION': macro redefinition
  (compiling source file 'UI.cpp')
  C:\Users\prodm\Desktop\ImGui-Standalone-main\Source\ImGui Standalone\ImGui\imgui.h(67,1):
  see previous definition of 'IMGUI_VERSION'
  
C:\Users\prodm\Desktop\vcpkg-master\installed\x86-windows\include\imgui.h(27,1): warning C4005: 'IMGUI_VERSION_NUM': macro redefinition
  (compiling source file 'UI.cpp')
  C:\Users\prodm\Desktop\ImGui-Standalone-main\Source\ImGui Standalone\ImGui\imgui.h(68,1):
  see previous definition of 'IMGUI_VERSION_NUM'
  
C:\Users\prodm\Desktop\vcpkg-master\installed\x86-windows\include\imgui.h(172,6): error C2371: 'ImGuiKey': redefinition; different basic types
  (compiling source file 'UI.cpp')
  C:\Users\prodm\Desktop\ImGui-Standalone-main\Source\ImGui Standalone\ImGui\imgui.h(178,13):
  see declaration of 'ImGuiKey'
  
C:\Users\prodm\Desktop\vcpkg-master\installed\x86-windows\include\imgui.h(259,1): error C2011: 'ImVec2': 'struct' type redefinition
  (compiling source file 'UI.cpp')
  C:\Users\prodm\Desktop\ImGui-Standalone-main\Source\ImGui Standalone\ImGui\imgui.h(255,8):
  see declaration of 'ImVec2'
  
C:\Users\prodm\Desktop\vcpkg-master\installed\x86-windows\include\imgui.h(272,1): error C2011: 'ImVec4': 'struct' type redefinition
  (compiling source file 'UI.cpp')
  C:\Users\prodm\Desktop\ImGui-Standalone-main\Source\ImGui Standalone\ImGui\imgui.h(268,8):
  see declaration of 'ImVec4'
  
C:\Users\prodm\Desktop\vcpkg-master\installed\x86-windows\include\imgui.h(293,76): error C2572: 'ImGui::CreateContext': redefinition of default argument: parameter 1
  (compiling source file 'UI.cpp')
  C:\Users\prodm\Desktop\ImGui-Standalone-main\Source\ImGui Standalone\ImGui\imgui.h(290,29):
  see declaration of 'ImGui::CreateContext'
  
C:\Users\prodm\Desktop\vcpkg-master\installed\x86-windows\include\imgui.h(294,64): error C2572: 'ImGui::DestroyContext': redefinition of default argument: parameter 1
  (compiling source file 'UI.cpp')
  C:\Users\prodm\Desktop\ImGui-Standalone-main\Source\ImGui Standalone\ImGui\imgui.h(291,29):
  see declaration of 'ImGui::DestroyContext'
  
C:\Users\prodm\Desktop\vcpkg-master\installed\x86-windows\include\imgui.h(307,59): error C2572: 'ImGui::ShowDemoWindow': redefinition of default argument: parameter 1
  (compiling source file 'UI.cpp')
  C:\Users\prodm\Desktop\ImGui-Standalone-main\Source\ImGui Standalone\ImGui\imgui.h(304,29):
  see declaration of 'ImGui::ShowDemoWindow'
  
C:\Users\prodm\Desktop\vcpkg-master\installed\x86-windows\include\imgui.h(308,62): error C2572: 'ImGui::ShowMetricsWindow': redefinition of default argument: parameter 1
  (compiling source file 'UI.cpp')
  C:\Users\prodm\Desktop\ImGui-Standalone-main\Source\ImGui Standalone\ImGui\imgui.h(305,29):
  see declaration of 'ImGui::ShowMetricsWindow'
  
C:\Users\prodm\Desktop\vcpkg-master\installed\x86-windows\include\imgui.h(311,60): error C2572: 'ImGui::ShowAboutWindow': redefinition of default argument: parameter 1
  (compiling source file 'UI.cpp')
  C:\Users\prodm\Desktop\ImGui-Standalone-main\Source\ImGui Standalone\ImGui\imgui.h(307,29):
  see declaration of 'ImGui::ShowAboutWindow'
  
C:\Users\prodm\Desktop\vcpkg-master\installed\x86-windows\include\imgui.h(312,63): error C2572: 'ImGui::ShowStyleEditor': redefinition of default argument: parameter 1
  (compiling source file 'UI.cpp')
  C:\Users\prodm\Desktop\ImGui-Standalone-main\Source\ImGui Standalone\ImGui\imgui.h(308,29):
  see declaration of 'ImGui::ShowStyleEditor'
  
C:\Users\prodm\Desktop\vcpkg-master\installed\x86-windows\include\imgui.h(319,63): error C2572: 'ImGui::StyleColorsDark': redefinition of default argument: parameter 1
  (compiling source file 'UI.cpp')
  C:\Users\prodm\Desktop\ImGui-Standalone-main\Source\ImGui Standalone\ImGui\imgui.h(315,29):
  see declaration of 'ImGui::StyleColorsDark'
  
C:\Users\prodm\Desktop\vcpkg-master\installed\x86-windows\include\imgui.h(320,64): error C2572: 'ImGui::StyleColorsLight': redefinition of default argument: parameter 1
  (compiling source file 'UI.cpp')
  C:\Users\prodm\Desktop\ImGui-Standalone-main\Source\ImGui Standalone\ImGui\imgui.h(316,29):
  see declaration of 'ImGui::StyleColorsLight'
  
C:\Users\prodm\Desktop\vcpkg-master\installed\x86-windows\include\imgui.h(321,66): error C2572: 'ImGui::StyleColorsClassic': redefinition of default argument: parameter 1
  (compiling source file 'UI.cpp')
  C:\Users\prodm\Desktop\ImGui-Standalone-main\Source\ImGui Standalone\ImGui\imgui.h(317,29):
  see declaration of 'ImGui::StyleColorsClassic'
  
C:\Users\prodm\Desktop\vcpkg-master\installed\x86-windows\include\imgui.h(335,68): error C2572: 'ImGui::Begin': redefinition of default argument: parameter 1
  (compiling source file 'UI.cpp')
  C:\Users\prodm\Desktop\ImGui-Standalone-main\Source\ImGui Standalone\ImGui\imgui.h(331,29):
  see declaration of 'ImGui::Begin'
  
C:\Users\prodm\Desktop\vcpkg-master\installed\x86-windows\include\imgui.h(335,99): error C2572: 'ImGui::Begin': redefinition of default argument: parameter 2
  (compiling source file 'UI.cpp')
  C:\Users\prodm\Desktop\ImGui-Standalone-main\Source\ImGui Standalone\ImGui\imgui.h(331,29):
  see declaration of 'ImGui::Begin'
  
C:\Users\prodm\Desktop\vcpkg-master\installed\x86-windows\include\imgui.h(356,88): error C2027: use of undefined type 'ImVec2'
  (compiling source file 'UI.cpp')
  C:\Users\prodm\Desktop\ImGui-Standalone-main\Source\ImGui Standalone\ImGui\imgui.h(255,8):
  see declaration of 'ImVec2'
  
C:\Users\prodm\Desktop\vcpkg-master\installed\x86-windows\include\imgui.h(357,80): error C2027: use of undefined type 'ImVec2'
  (compiling source file 'UI.cpp')
  C:\Users\prodm\Desktop\ImGui-Standalone-main\Source\ImGui Standalone\ImGui\imgui.h(255,8):
  see declaration of 'ImVec2'
  
C:\Users\prodm\Desktop\vcpkg-master\installed\x86-windows\include\imgui.h(364,69): error C2572: 'ImGui::IsWindowFocused': redefinition of default argument: parameter 1
  (compiling source file 'UI.cpp')
  C:\Users\prodm\Desktop\ImGui-Standalone-main\Source\ImGui Standalone\ImGui\imgui.h(350,29):
  see declaration of 'ImGui::IsWindowFocused'
  
C:\Users\prodm\Desktop\vcpkg-master\installed\x86-windows\include\imgui.h(365,69): error C2572: 'ImGui::IsWindowHovered': redefinition of default argument: parameter 1
  (compiling source file 'UI.cpp')
  C:\Users\prodm\Desktop\ImGui-Standalone-main\Source\ImGui Standalone\ImGui\imgui.h(351,29):
  see declaration of 'ImGui::IsWindowHovered'
  
C:\Users\prodm\Desktop\vcpkg-master\installed\x86-windows\include\imgui.h(374,114): error C2027: use of undefined type 'ImVec2'
  (compiling source file 'UI.cpp')
  C:\Users\prodm\Desktop\ImGui-Standalone-main\Source\ImGui Standalone\ImGui\imgui.h(255,8):
  see declaration of 'ImVec2'
  
C:\Users\prodm\Desktop\vcpkg-master\installed\x86-windows\include\imgui.h(374,82): error C2572: 'ImGui::SetNextWindowPos': redefinition of default argument: parameter 1
  (compiling source file 'UI.cpp')
  C:\Users\prodm\Desktop\ImGui-Standalone-main\Source\ImGui Standalone\ImGui\imgui.h(362,29):
  see declaration of 'ImGui::SetNextWindowPos'
  
C:\Users\prodm\Desktop\vcpkg-master\installed\x86-windows\include\imgui.h(375,84): error C2572: 'ImGui::SetNextWindowSize': redefinition of default argument: parameter 1
  (compiling source file 'UI.cpp')
  C:\Users\prodm\Desktop\ImGui-Standalone-main\Source\ImGui Standalone\ImGui\imgui.h(363,29):
  see declaration of 'ImGui::SetNextWindowSize'
  
C:\Users\prodm\Desktop\vcpkg-master\installed\x86-windows\include\imgui.h(376,142): error C2572: 'ImGui::SetNextWindowSizeConstraints': redefinition of default argument: parameter 1
  (compiling source file 'UI.cpp')
  C:\Users\prodm\Desktop\ImGui-Standalone-main\Source\ImGui Standalone\ImGui\imgui.h(364,29):
  see declaration of 'ImGui::SetNextWindowSizeConstraints'
  
C:\Users\prodm\Desktop\vcpkg-master\installed\x86-windows\include\imgui.h(376,177): error C2572: 'ImGui::SetNextWindowSizeConstraints': redefinition of default argument: parameter 2
  (compiling source file 'UI.cpp')
  C:\Users\prodm\Desktop\ImGui-Standalone-main\Source\ImGui Standalone\ImGui\imgui.h(364,29):
  see declaration of 'ImGui::SetNextWindowSizeConstraints'
  
C:\Users\prodm\Desktop\vcpkg-master\installed\x86-windows\include\imgui.h(378,85): error C2572: 'ImGui::SetNextWindowCollapsed': redefinition of default argument: parameter 1
  (compiling source file 'UI.cpp')
  C:\Users\prodm\Desktop\ImGui-Standalone-main\Source\ImGui Standalone\ImGui\imgui.h(366,29):
  see declaration of 'ImGui::SetNextWindowCollapsed'
  
C:\Users\prodm\Desktop\vcpkg-master\installed\x86-windows\include\imgui.h(382,78): error C2572: 'ImGui::SetWindowPos': redefinition of default argument: parameter 1
  (compiling source file 'UI.cpp')
  C:\Users\prodm\Desktop\ImGui-Standalone-main\Source\ImGui Standalone\ImGui\imgui.h(370,29):
  see declaration of 'ImGui::SetWindowPos'
  
C:\Users\prodm\Desktop\vcpkg-master\installed\x86-windows\include\imgui.h(383,80): error C2572: 'ImGui::SetWindowSize': redefinition of default argument: parameter 1
  (compiling source file 'UI.cpp')
  C:\Users\prodm\Desktop\ImGui-Standalone-main\Source\ImGui Standalone\ImGui\imgui.h(371,29):
  see declaration of 'ImGui::SetWindowSize'
  
C:\Users\prodm\Desktop\vcpkg-master\installed\x86-windows\include\imgui.h(384,81): error C2572: 'ImGui::SetWindowCollapsed': redefinition of default argument: parameter 1
  (compiling source file 'UI.cpp')
  C:\Users\prodm\Desktop\ImGui-Standalone-main\Source\ImGui Standalone\ImGui\imgui.h(372,29):
  see declaration of 'ImGui::SetWindowCollapsed'
  
C:\Users\prodm\Desktop\vcpkg-master\installed\x86-windows\include\imgui.h(387,96): error C2572: 'ImGui::SetWindowPos': redefinition of default argument: parameter 1
  (compiling source file 'UI.cpp')
  C:\Users\prodm\Desktop\ImGui-Standalone-main\Source\ImGui Standalone\ImGui\imgui.h(375,29):
  see declaration of 'ImGui::SetWindowPos'
  
C:\Users\prodm\Desktop\vcpkg-master\installed\x86-windows\include\imgui.h(388,98): error C2572: 'ImGui::SetWindowSize': redefinition of default argument: parameter 1
  (compiling source file 'UI.cpp')
  C:\Users\prodm\Desktop\ImGui-Standalone-main\Source\ImGui Standalone\ImGui\imgui.h(376,29):
  see declaration of 'ImGui::SetWindowSize'
  
C:\Users\prodm\Desktop\vcpkg-master\installed\x86-windows\include\imgui.h(389,99): error C2572: 'ImGui::SetWindowCollapsed': redefinition of default argument: parameter 1
  (compiling source file 'UI.cpp')
  C:\Users\prodm\Desktop\ImGui-Standalone-main\Source\ImGui Standalone\ImGui\imgui.h(377,29):
  see declaration of 'ImGui::SetWindowCollapsed'
  
C:\Users\prodm\Desktop\vcpkg-master\installed\x86-windows\include\imgui.h(409,67): error C2572: 'ImGui::SetScrollHereX': redefinition of default argument: parameter 1
  (compiling source file 'UI.cpp')
  C:\Users\prodm\Desktop\ImGui-Standalone-main\Source\ImGui Standalone\ImGui\imgui.h(395,29):
  see declaration of 'ImGui::SetScrollHereX'
  
C:\Users\prodm\Desktop\vcpkg-master\installed\x86-windows\include\imgui.h(410,67): error C2572: 'ImGui::SetScrollHereY': redefinition of default argument: parameter 1
  (compiling source file 'UI.cpp')
  C:\Users\prodm\Desktop\ImGui-Standalone-main\Source\ImGui Standalone\ImGui\imgui.h(396,29):
  see declaration of 'ImGui::SetScrollHereY'
  
C:\Users\prodm\Desktop\vcpkg-master\installed\x86-windows\include\imgui.h(411,85): error C2572: 'ImGui::SetScrollFromPosX': redefinition of default argument: parameter 1
  (compiling source file 'UI.cpp')
  C:\Users\prodm\Desktop\ImGui-Standalone-main\Source\ImGui Standalone\ImGui\imgui.h(397,29):
  see declaration of 'ImGui::SetScrollFromPosX'
  
C:\Users\prodm\Desktop\vcpkg-master\installed\x86-windows\include\imgui.h(412,85): error C2572: 'ImGui::SetScrollFromPosY': redefinition of default argument: parameter 1
  (compiling source file 'UI.cpp')
  C:\Users\prodm\Desktop\ImGui-Standalone-main\Source\ImGui Standalone\ImGui\imgui.h(398,29):
  see declaration of 'ImGui::SetScrollFromPosY'
  
C:\Users\prodm\Desktop\vcpkg-master\installed\x86-windows\include\imgui.h(419,55): error C2572: 'ImGui::PopStyleColor': redefinition of default argument: parameter 1
  (compiling source file 'UI.cpp')
  C:\Users\prodm\Desktop\ImGui-Standalone-main\Source\ImGui Standalone\ImGui\imgui.h(405,29):
  see declaration of 'ImGui::PopStyleColor'
  
C:\Users\prodm\Desktop\vcpkg-master\installed\x86-windows\include\imgui.h(422,53): error C2572: 'ImGui::PopStyleVar': redefinition of default argument: parameter 1
  (compiling source file 'UI.cpp')
  C:\Users\prodm\Desktop\ImGui-Standalone-main\Source\ImGui Standalone\ImGui\imgui.h(408,29):
  see declaration of 'ImGui::PopStyleVar'
  
C:\Users\prodm\Desktop\vcpkg-master\installed\x86-windows\include\imgui.h(433,70): error C2572: 'ImGui::PushTextWrapPos': redefinition of default argument: parameter 1
  (compiling source file 'UI.cpp')
  C:\Users\prodm\Desktop\ImGui-Standalone-main\Source\ImGui Standalone\ImGui\imgui.h(419,29):
  see declaration of 'ImGui::PushTextWrapPos'
  
C:\Users\prodm\Desktop\vcpkg-master\installed\x86-windows\include\imgui.h(441,73): error C2572: 'ImGui::GetColorU32': redefinition of default argument: parameter 1
  (compiling source file 'UI.cpp')
  C:\Users\prodm\Desktop\ImGui-Standalone-main\Source\ImGui Standalone\ImGui\imgui.h(427,29):
  see declaration of 'ImGui::GetColorU32'
  
C:\Users\prodm\Desktop\vcpkg-master\installed\x86-windows\include\imgui.h(466,64): error C2572: 'ImGui::SameLine': redefinition of default argument: parameter 1
  (compiling source file 'UI.cpp')
  C:\Users\prodm\Desktop\ImGui-Standalone-main\Source\ImGui Standalone\ImGui\imgui.h(440,29):
  see declaration of 'ImGui::SameLine'
  
C:\Users\prodm\Desktop\vcpkg-master\installed\x86-windows\include\imgui.h(466,85): error C2572: 'ImGui::SameLine': redefinition of default argument: parameter 2
  (compiling source file 'UI.cpp')
  C:\Users\prodm\Desktop\ImGui-Standalone-main\Source\ImGui Standalone\ImGui\imgui.h(440,29):
  see declaration of 'ImGui::SameLine'
  
C:\Users\prodm\Desktop\vcpkg-master\installed\x86-windows\include\imgui.h(470,53): error C2572: 'ImGui::Indent': redefinition of default argument: parameter 1
  (compiling source file 'UI.cpp')
  C:\Users\prodm\Desktop\ImGui-Standalone-main\Source\ImGui Standalone\ImGui\imgui.h(444,29):
  see declaration of 'ImGui::Indent'
  
C:\Users\prodm\Desktop\vcpkg-master\installed\x86-windows\include\imgui.h(471,55): error C2572: 'ImGui::Unindent': redefinition of default argument: parameter 1
  (compiling source file 'UI.cpp')
  C:\Users\prodm\Desktop\ImGui-Standalone-main\Source\ImGui Standalone\ImGui\imgui.h(445,29):
  see declaration of 'ImGui::Unindent'
  
C:\Users\prodm\Desktop\vcpkg-master\installed\x86-windows\include\imgui.h(501,86): error C2572: 'ImGui::TextUnformatted': redefinition of default argument: parameter 1
  (compiling source file 'UI.cpp')
  C:\Users\prodm\Desktop\ImGui-Standalone-main\Source\ImGui Standalone\ImGui\imgui.h(484,29):
  see declaration of 'ImGui::TextUnformatted'
  
C:\Users\prodm\Desktop\vcpkg-master\installed\x86-windows\include\imgui.h(519,83): error C2027: use of undefined type 'ImVec2'
  (compiling source file 'UI.cpp')
  C:\Users\prodm\Desktop\ImGui-Standalone-main\Source\ImGui Standalone\ImGui\imgui.h(255,8):
  see declaration of 'ImVec2'
  
C:\Users\prodm\Desktop\vcpkg-master\installed\x86-windows\include\imgui.h(521,110): error C2572: 'ImGui::InvisibleButton': redefinition of default argument: parameter 1
  (compiling source file 'UI.cpp')
  C:\Users\prodm\Desktop\ImGui-Standalone-main\Source\ImGui Standalone\ImGui\imgui.h(503,29):
  see declaration of 'ImGui::InvisibleButton'
  
C:\Users\prodm\Desktop\vcpkg-master\installed\x86-windows\include\imgui.h(528,90): error C2027: use of undefined type 'ImVec2'
  (compiling source file 'UI.cpp')
  C:\Users\prodm\Desktop\ImGui-Standalone-main\Source\ImGui Standalone\ImGui\imgui.h(255,8):
  see declaration of 'ImVec2'
  
C:\Users\prodm\Desktop\vcpkg-master\installed\x86-windows\include\imgui.h(528,125): error C2572: 'ImGui::ProgressBar': redefinition of default argument: parameter 1
  (compiling source file 'UI.cpp')
  C:\Users\prodm\Desktop\ImGui-Standalone-main\Source\ImGui Standalone\ImGui\imgui.h(512,29):
  see declaration of 'ImGui::ProgressBar'
  
C:\Users\prodm\Desktop\vcpkg-master\installed\x86-windows\include\imgui.h(534,111): error C2027: use of undefined type 'ImVec2'
  (compiling source file 'UI.cpp')
  C:\Users\prodm\Desktop\ImGui-Standalone-main\Source\ImGui Standalone\ImGui\imgui.h(255,8):
  see declaration of 'ImVec2'
  
C:\Users\prodm\Desktop\vcpkg-master\installed\x86-windows\include\imgui.h(534,145): error C2027: use of undefined type 'ImVec2'
  (compiling source file 'UI.cpp')
  C:\Users\prodm\Desktop\ImGui-Standalone-main\Source\ImGui Standalone\ImGui\imgui.h(255,8):
  see declaration of 'ImVec2'
  
C:\Users\prodm\Desktop\vcpkg-master\installed\x86-windows\include\imgui.h(534,184): error C2027: use of undefined type 'ImVec4'
  (compiling source file 'UI.cpp')
  C:\Users\prodm\Desktop\ImGui-Standalone-main\Source\ImGui Standalone\ImGui\imgui.h(268,8):
  see declaration of 'ImVec4'
  
C:\Users\prodm\Desktop\vcpkg-master\installed\x86-windows\include\imgui.h(534,231): error C2027: use of undefined type 'ImVec4'
  (compiling source file 'UI.cpp')
  C:\Users\prodm\Desktop\ImGui-Standalone-main\Source\ImGui Standalone\ImGui\imgui.h(268,8):
  see declaration of 'ImVec4'
  
C:\Users\prodm\Desktop\vcpkg-master\installed\x86-windows\include\imgui.h(535,143): error C2027: use of undefined type 'ImVec2'
  (compiling source file 'UI.cpp')
  C:\Users\prodm\Desktop\ImGui-Standalone-main\Source\ImGui Standalone\ImGui\imgui.h(255,8):
  see declaration of 'ImVec2'
  
C:\Users\prodm\Desktop\vcpkg-master\installed\x86-windows\include\imgui.h(535,177): error C2027: use of undefined type 'ImVec2'
  (compiling source file 'UI.cpp')
  C:\Users\prodm\Desktop\ImGui-Standalone-main\Source\ImGui Standalone\ImGui\imgui.h(255,8):
  see declaration of 'ImVec2'
  
C:\Users\prodm\Desktop\vcpkg-master\installed\x86-windows\include\imgui.h(535,214): error C2027: use of undefined type 'ImVec4'
  (compiling source file 'UI.cpp')
  C:\Users\prodm\Desktop\ImGui-Standalone-main\Source\ImGui Standalone\ImGui\imgui.h(268,8):
  see declaration of 'ImVec4'
  
C:\Users\prodm\Desktop\vcpkg-master\installed\x86-windows\include\imgui.h(535,259): error C2027: use of undefined type 'ImVec4'
  (compiling source file 'UI.cpp')
  C:\Users\prodm\Desktop\ImGui-Standalone-main\Source\ImGui Standalone\ImGui\imgui.h(268,8):
  see declaration of 'ImVec4'
  
C:\Users\prodm\Desktop\vcpkg-master\installed\x86-windows\include\imgui.h(540,110): error C2572: 'ImGui::BeginCombo': redefinition of default argument: parameter 1
  (compiling source file 'UI.cpp')
  C:\Users\prodm\Desktop\ImGui-Standalone-main\Source\ImGui Standalone\ImGui\imgui.h(518,29):
  see declaration of 'ImGui::BeginCombo'
  
C:\Users\prodm\Desktop\vcpkg-master\installed\x86-windows\include\imgui.h(542,150): error C2572: 'ImGui::Combo': redefinition of default argument: parameter 1
  (compiling source file 'UI.cpp')
  C:\Users\prodm\Desktop\ImGui-Standalone-main\Source\ImGui Standalone\ImGui\imgui.h(520,29):
  see declaration of 'ImGui::Combo'
  
C:\Users\prodm\Desktop\vcpkg-master\installed\x86-windows\include\imgui.h(543,144): error C2572: 'ImGui::Combo': redefinition of default argument: parameter 1
  (compiling source file 'UI.cpp')
  C:\Users\prodm\Desktop\ImGui-Standalone-main\Source\ImGui Standalone\ImGui\imgui.h(521,29):
  see declaration of 'ImGui::Combo'
  
C:\Users\prodm\Desktop\vcpkg-master\installed\x86-windows\include\imgui.h(558,84): error C2572: 'ImGui::DragFloat': redefinition of default argument: parameter 1
  (compiling source file 'UI.cpp')
  C:\Users\prodm\Desktop\ImGui-Standalone-main\Source\ImGui Standalone\ImGui\imgui.h(536,29):
  see declaration of 'ImGui::DragFloat'
  
C:\Users\prodm\Desktop\vcpkg-master\installed\x86-windows\include\imgui.h(558,104): error C2572: 'ImGui::DragFloat': redefinition of default argument: parameter 2
  (compiling source file 'UI.cpp')
  C:\Users\prodm\Desktop\ImGui-Standalone-main\Source\ImGui Standalone\ImGui\imgui.h(536,29):
  see declaration of 'ImGui::DragFloat'
  
C:\Users\prodm\Desktop\vcpkg-master\installed\x86-windows\include\imgui.h(558,124): error C2572: 'ImGui::DragFloat': redefinition of default argument: parameter 3
  (compiling source file 'UI.cpp')
  C:\Users\prodm\Desktop\ImGui-Standalone-main\Source\ImGui Standalone\ImGui\imgui.h(536,29):
  see declaration of 'ImGui::DragFloat'
  
C:\Users\prodm\Desktop\vcpkg-master\installed\x86-windows\include\imgui.h(558,151): error C2572: 'ImGui::DragFloat': redefinition of default argument: parameter 4
  (compiling source file 'UI.cpp')
  C:\Users\prodm\Desktop\ImGui-Standalone-main\Source\ImGui Standalone\ImGui\imgui.h(536,29):
  see declaration of 'ImGui::DragFloat'
  
C:\Users\prodm\Desktop\vcpkg-master\installed\x86-windows\include\imgui.h(558,184): error C2572: 'ImGui::DragFloat': redefinition of default argument: parameter 5
  (compiling source file 'UI.cpp')
  C:\Users\prodm\Desktop\ImGui-Standalone-main\Source\ImGui Standalone\ImGui\imgui.h(536,29):
  see declaration of 'ImGui::DragFloat'
  
C:\Users\prodm\Desktop\vcpkg-master\installed\x86-windows\include\imgui.h(559,87): error C2572: 'ImGui::DragFloat2': redefinition of default argument: parameter 1
  (compiling source file 'UI.cpp')
  C:\Users\prodm\Desktop\ImGui-Standalone-main\Source\ImGui Standalone\ImGui\imgui.h(537,29):
  see declaration of 'ImGui::DragFloat2'
  
C:\Users\prodm\Desktop\vcpkg-master\installed\x86-windows\include\imgui.h(559,107): error C2572: 'ImGui::DragFloat2': redefinition of default argument: parameter 2
  (compiling source file 'UI.cpp')
  C:\Users\prodm\Desktop\ImGui-Standalone-main\Source\ImGui Standalone\ImGui\imgui.h(537,29):
  see declaration of 'ImGui::DragFloat2'
  
C:\Users\prodm\Desktop\vcpkg-master\installed\x86-windows\include\imgui.h(559,127): error C2572: 'ImGui::DragFloat2': redefinition of default argument: parameter 3
  (compiling source file 'UI.cpp')
  C:\Users\prodm\Desktop\ImGui-Standalone-main\Source\ImGui Standalone\ImGui\imgui.h(537,29):
  see declaration of 'ImGui::DragFloat2'
  
C:\Users\prodm\Desktop\vcpkg-master\installed\x86-windows\include\imgui.h(559,154): error C2572: 'ImGui::DragFloat2': redefinition of default argument: parameter 4
  (compiling source file 'UI.cpp')
  C:\Users\prodm\Desktop\ImGui-Standalone-main\Source\ImGui Standalone\ImGui\imgui.h(537,29):
  see declaration of 'ImGui::DragFloat2'
  
C:\Users\prodm\Desktop\vcpkg-master\installed\x86-windows\include\imgui.h(559,187): error C2572: 'ImGui::DragFloat2': redefinition of default argument: parameter 5
  (compiling source file 'UI.cpp')
  C:\Users\prodm\Desktop\ImGui-Standalone-main\Source\ImGui Standalone\ImGui\imgui.h(537,29):
  see declaration of 'ImGui::DragFloat2'
  
C:\Users\prodm\Desktop\vcpkg-master\installed\x86-windows\include\imgui.h(560,87): error C2572: 'ImGui::DragFloat3': redefinition of default argument: parameter 1
  (compiling source file 'UI.cpp')
  C:\Users\prodm\Desktop\ImGui-Standalone-main\Source\ImGui Standalone\ImGui\imgui.h(538,29):
  see declaration of 'ImGui::DragFloat3'
  
C:\Users\prodm\Desktop\vcpkg-master\installed\x86-windows\include\imgui.h(560,107): error C2572: 'ImGui::DragFloat3': redefinition of default argument: parameter 2
  (compiling source file 'UI.cpp')
  C:\Users\prodm\Desktop\ImGui-Standalone-main\Source\ImGui Standalone\ImGui\imgui.h(538,29):
  see declaration of 'ImGui::DragFloat3'
  
C:\Users\prodm\Desktop\vcpkg-master\installed\x86-windows\include\imgui.h(560,127): error C2572: 'ImGui::DragFloat3': redefinition of default argument: parameter 3
  (compiling source file 'UI.cpp')
  C:\Users\prodm\Desktop\ImGui-Standalone-main\Source\ImGui Standalone\ImGui\imgui.h(538,29):
  see declaration of 'ImGui::DragFloat3'
  
C:\Users\prodm\Desktop\vcpkg-master\installed\x86-windows\include\imgui.h(560,154): error C2572: 'ImGui::DragFloat3': redefinition of default argument: parameter 4
  (compiling source file 'UI.cpp')
  C:\Users\prodm\Desktop\ImGui-Standalone-main\Source\ImGui Standalone\ImGui\imgui.h(538,29):
  see declaration of 'ImGui::DragFloat3'
  
C:\Users\prodm\Desktop\vcpkg-master\installed\x86-windows\include\imgui.h(560,187): error C2572: 'ImGui::DragFloat3': redefinition of default argument: parameter 5
  (compiling source file 'UI.cpp')
  C:\Users\prodm\Desktop\ImGui-Standalone-main\Source\ImGui Standalone\ImGui\imgui.h(538,29):
  see declaration of 'ImGui::DragFloat3'
  
C:\Users\prodm\Desktop\vcpkg-master\installed\x86-windows\include\imgui.h(561,87): error C2572: 'ImGui::DragFloat4': redefinition of default argument: parameter 1
  (compiling source file 'UI.cpp')
  C:\Users\prodm\Desktop\ImGui-Standalone-main\Source\ImGui Standalone\ImGui\imgui.h(539,29):
  see declaration of 'ImGui::DragFloat4'
  
C:\Users\prodm\Desktop\vcpkg-master\installed\x86-windows\include\imgui.h(561,107): error C2572: 'ImGui::DragFloat4': redefinition of default argument: parameter 2
  (compiling source file 'UI.cpp')
  C:\Users\prodm\Desktop\ImGui-Standalone-main\Source\ImGui Standalone\ImGui\imgui.h(539,29):
  see declaration of 'ImGui::DragFloat4'
  
C:\Users\prodm\Desktop\vcpkg-master\installed\x86-windows\include\imgui.h(561,127): error C2572: 'ImGui::DragFloat4': redefinition of default argument: parameter 3
  (compiling source file 'UI.cpp')
  C:\Users\prodm\Desktop\ImGui-Standalone-main\Source\ImGui Standalone\ImGui\imgui.h(539,29):
  see declaration of 'ImGui::DragFloat4'
  
C:\Users\prodm\Desktop\vcpkg-master\installed\x86-windows\include\imgui.h(561,154): error C2572: 'ImGui::DragFloat4': redefinition of default argument: parameter 4
  (compiling source file 'UI.cpp')
  C:\Users\prodm\Desktop\ImGui-Standalone-main\Source\ImGui Standalone\ImGui\imgui.h(539,29):
  see declaration of 'ImGui::DragFloat4'
  
C:\Users\prodm\Desktop\vcpkg-master\installed\x86-windows\include\imgui.h(561,187): error C2572: 'ImGui::DragFloat4': redefinition of default argument: parameter 5
  (compiling source file 'UI.cpp')
  C:\Users\prodm\Desktop\ImGui-Standalone-main\Source\ImGui Standalone\ImGui\imgui.h(539,29):
  see declaration of 'ImGui::DragFloat4'
  
C:\Users\prodm\Desktop\vcpkg-master\installed\x86-windows\include\imgui.h(562,124): error C2572: 'ImGui::DragFloatRange2': redefinition of default argument: parameter 1
  (compiling source file 'UI.cpp')
  C:\Users\prodm\Desktop\ImGui-Standalone-main\Source\ImGui Standalone\ImGui\imgui.h(540,29):
  see declaration of 'ImGui::DragFloatRange2'
  
C:\Users\prodm\Desktop\vcpkg-master\installed\x86-windows\include\imgui.h(562,144): error C2572: 'ImGui::DragFloatRange2': redefinition of default argument: parameter 2
  (compiling source file 'UI.cpp')
  C:\Users\prodm\Desktop\ImGui-Standalone-main\Source\ImGui Standalone\ImGui\imgui.h(540,29):
  see declaration of 'ImGui::DragFloatRange2'
  
C:\Users\prodm\Desktop\vcpkg-master\installed\x86-windows\include\imgui.h(562,164): error C2572: 'ImGui::DragFloatRange2': redefinition of default argument: parameter 3
  (compiling source file 'UI.cpp')
  C:\Users\prodm\Desktop\ImGui-Standalone-main\Source\ImGui Standalone\ImGui\imgui.h(540,29):
  see declaration of 'ImGui::DragFloatRange2'
  
C:\Users\prodm\Desktop\vcpkg-master\installed\x86-windows\include\imgui.h(562,191): error C2572: 'ImGui::DragFloatRange2': redefinition of default argument: parameter 4
  (compiling source file 'UI.cpp')
  C:\Users\prodm\Desktop\ImGui-Standalone-main\Source\ImGui Standalone\ImGui\imgui.h(540,29):
  see declaration of 'ImGui::DragFloatRange2'
  
C:\Users\prodm\Desktop\vcpkg-master\installed\x86-windows\include\imgui.h(562,224): error C2572: 'ImGui::DragFloatRange2': redefinition of default argument: parameter 5
  (compiling source file 'UI.cpp')
  C:\Users\prodm\Desktop\ImGui-Standalone-main\Source\ImGui Standalone\ImGui\imgui.h(540,29):
  see declaration of 'ImGui::DragFloatRange2'
  
C:\Users\prodm\Desktop\vcpkg-master\installed\x86-windows\include\imgui.h(562,255): error C2572: 'ImGui::DragFloatRange2': redefinition of default argument: parameter 6
  (compiling source file 'UI.cpp')
  C:\Users\prodm\Desktop\ImGui-Standalone-main\Source\ImGui Standalone\ImGui\imgui.h(540,29):
  see declaration of 'ImGui::DragFloatRange2'
  
C:\Users\prodm\Desktop\vcpkg-master\installed\x86-windows\include\imgui.h(563,80): error C2572: 'ImGui::DragInt': redefinition of default argument: parameter 1
  (compiling source file 'UI.cpp')
  C:\Users\prodm\Desktop\ImGui-Standalone-main\Source\ImGui Standalone\ImGui\imgui.h(541,29):
  see declaration of 'ImGui::DragInt'
  
C:\Users\prodm\Desktop\vcpkg-master\installed\x86-windows\include\imgui.h(563,98): error C2572: 'ImGui::DragInt': redefinition of default argument: parameter 2
  (compiling source file 'UI.cpp')
  C:\Users\prodm\Desktop\ImGui-Standalone-main\Source\ImGui Standalone\ImGui\imgui.h(541,29):
  see declaration of 'ImGui::DragInt'
  
C:\Users\prodm\Desktop\vcpkg-master\installed\x86-windows\include\imgui.h(563,113): error C2572: 'ImGui::DragInt': redefinition of default argument: parameter 3
  (compiling source file 'UI.cpp')
  C:\Users\prodm\Desktop\ImGui-Standalone-main\Source\ImGui Standalone\ImGui\imgui.h(541,29):
  see declaration of 'ImGui::DragInt'
  
C:\Users\prodm\Desktop\vcpkg-master\installed\x86-windows\include\imgui.h(563,137): error C2572: 'ImGui::DragInt': redefinition of default argument: parameter 4
  (compiling source file 'UI.cpp')
  C:\Users\prodm\Desktop\ImGui-Standalone-main\Source\ImGui Standalone\ImGui\imgui.h(541,29):
  see declaration of 'ImGui::DragInt'
  
C:\Users\prodm\Desktop\vcpkg-master\installed\x86-windows\include\imgui.h(563,168): error C2572: 'ImGui::DragInt': redefinition of default argument: parameter 5
  (compiling source file 'UI.cpp')
  C:\Users\prodm\Desktop\ImGui-Standalone-main\Source\ImGui Standalone\ImGui\imgui.h(541,29):
  see declaration of 'ImGui::DragInt'
  
C:\Users\prodm\Desktop\vcpkg-master\installed\x86-windows\include\imgui.h(564,83): error C2572: 'ImGui::DragInt2': redefinition of default argument: parameter 1
  (compiling source file 'UI.cpp')
  C:\Users\prodm\Desktop\ImGui-Standalone-main\Source\ImGui Standalone\ImGui\imgui.h(542,29):
  see declaration of 'ImGui::DragInt2'
  
C:\Users\prodm\Desktop\vcpkg-master\installed\x86-windows\include\imgui.h(564,101): error C2572: 'ImGui::DragInt2': redefinition of default argument: parameter 2
  (compiling source file 'UI.cpp')
  C:\Users\prodm\Desktop\ImGui-Standalone-main\Source\ImGui Standalone\ImGui\imgui.h(542,29):
  see declaration of 'ImGui::DragInt2'
  
C:\Users\prodm\Desktop\vcpkg-master\installed\x86-windows\include\imgui.h(564,116): error C2572: 'ImGui::DragInt2': redefinition of default argument: parameter 3
  (compiling source file 'UI.cpp')
  C:\Users\prodm\Desktop\ImGui-Standalone-main\Source\ImGui Standalone\ImGui\imgui.h(542,29):
  see declaration of 'ImGui::DragInt2'
  
C:\Users\prodm\Desktop\vcpkg-master\installed\x86-windows\include\imgui.h(564,140): error C2572: 'ImGui::DragInt2': redefinition of default argument: parameter 4
  (compiling source file 'UI.cpp')
  C:\Users\prodm\Desktop\ImGui-Standalone-main\Source\ImGui Standalone\ImGui\imgui.h(542,29):
  see declaration of 'ImGui::DragInt2'
  
C:\Users\prodm\Desktop\vcpkg-master\installed\x86-windows\include\imgui.h(564,171): error C2572: 'ImGui::DragInt2': redefinition of default argument: parameter 5
  (compiling source file 'UI.cpp')
  C:\Users\prodm\Desktop\ImGui-Standalone-main\Source\ImGui Standalone\ImGui\imgui.h(542,29):
  see declaration of 'ImGui::DragInt2'
  
C:\Users\prodm\Desktop\vcpkg-master\installed\x86-windows\include\imgui.h(565,83): error C2572: 'ImGui::DragInt3': redefinition of default argument: parameter 1
  (compiling source file 'UI.cpp')
  C:\Users\prodm\Desktop\ImGui-Standalone-main\Source\ImGui Standalone\ImGui\imgui.h(543,29):
  see declaration of 'ImGui::DragInt3'
  
C:\Users\prodm\Desktop\vcpkg-master\installed\x86-windows\include\imgui.h(565,101): error C2572: 'ImGui::DragInt3': redefinition of default argument: parameter 2
  (compiling source file 'UI.cpp')
  C:\Users\prodm\Desktop\ImGui-Standalone-main\Source\ImGui Standalone\ImGui\imgui.h(543,29):
  see declaration of 'ImGui::DragInt3'
  
C:\Users\prodm\Desktop\vcpkg-master\installed\x86-windows\include\imgui.h(565,116): error C2572: 'ImGui::DragInt3': redefinition of default argument: parameter 3
  (compiling source file 'UI.cpp')
  C:\Users\prodm\Desktop\ImGui-Standalone-main\Source\ImGui Standalone\ImGui\imgui.h(543,29):
  see declaration of 'ImGui::DragInt3'
  
C:\Users\prodm\Desktop\vcpkg-master\installed\x86-windows\include\imgui.h(565,140): error C2572: 'ImGui::DragInt3': redefinition of default argument: parameter 4
  (compiling source file 'UI.cpp')
  C:\Users\prodm\Desktop\ImGui-Standalone-main\Source\ImGui Standalone\ImGui\imgui.h(543,29):
  see declaration of 'ImGui::DragInt3'
  
C:\Users\prodm\Desktop\vcpkg-master\installed\x86-windows\include\imgui.h(565,171): error C2572: 'ImGui::DragInt3': redefinition of default argument: parameter 5
  (compiling source file 'UI.cpp')
  C:\Users\prodm\Desktop\ImGui-Standalone-main\Source\ImGui Standalone\ImGui\imgui.h(543,29):
  see declaration of 'ImGui::DragInt3'
  
C:\Users\prodm\Desktop\vcpkg-master\installed\x86-windows\include\imgui.h(566,83): error C2572: 'ImGui::DragInt4': redefinition of default argument: parameter 1
  (compiling source file 'UI.cpp')
  C:\Users\prodm\Desktop\ImGui-Standalone-main\Source\ImGui Standalone\ImGui\imgui.h(544,29):
  see declaration of 'ImGui::DragInt4'
  
C:\Users\prodm\Desktop\vcpkg-master\installed\x86-windows\include\imgui.h(566,101): error C2572: 'ImGui::DragInt4': redefinition of default argument: parameter 2
  (compiling source file 'UI.cpp')
  C:\Users\prodm\Desktop\ImGui-Standalone-main\Source\ImGui Standalone\ImGui\imgui.h(544,29):
  see declaration of 'ImGui::DragInt4'
  
C:\Users\prodm\Desktop\vcpkg-master\installed\x86-windows\include\imgui.h(566,101): error C1003: error count exceeds 100; stopping compilation
  (compiling source file 'UI.cpp')
  
  Generating Code...
